c:\users\lorenzo\desktop\uni\programmi elettronica embedded a\project1embedded\debug\vc142.pdb
c:\users\lorenzo\desktop\uni\programmi elettronica embedded a\project1embedded\debug\vc142.idb
c:\users\lorenzo\desktop\uni\programmi elettronica embedded a\project1embedded\debug\main.obj
c:\users\lorenzo\desktop\uni\programmi elettronica embedded a\project1embedded\debug\fix_lib.obj
c:\users\lorenzo\desktop\uni\programmi elettronica embedded a\project1embeddedq15\debug\vc142.pdb
c:\users\lorenzo\desktop\uni\programmi elettronica embedded a\project1embeddedq15\debug\vc142.idb
c:\users\lorenzo\desktop\uni\programmi elettronica embedded a\project1embeddedq15\debug\main.obj
c:\users\lorenzo\desktop\uni\programmi elettronica embedded a\project1embeddedq15\debug\fix_lib.obj
c:\users\lorenzo\desktop\uni\programmi elettronica embedded a\project1embedded\debug\project1embedded.exe
c:\users\lorenzo\desktop\uni\programmi elettronica embedded a\project1embedded\debug\project1embedded.ilk
c:\users\lorenzo\desktop\uni\programmi elettronica embedded a\project1embedded\debug\project1embedded.pdb
c:\users\lorenzo\desktop\uni\programmi elettronica embedded a\project1embeddedq15\debug\project1embedded.tlog\cl.command.1.tlog
c:\users\lorenzo\desktop\uni\programmi elettronica embedded a\project1embeddedq15\debug\project1embedded.tlog\cl.read.1.tlog
c:\users\lorenzo\desktop\uni\programmi elettronica embedded a\project1embeddedq15\debug\project1embedded.tlog\cl.write.1.tlog
c:\users\lorenzo\desktop\uni\programmi elettronica embedded a\project1embeddedq15\debug\project1embedded.tlog\link-cvtres.read.1.tlog
c:\users\lorenzo\desktop\uni\programmi elettronica embedded a\project1embeddedq15\debug\project1embedded.tlog\link-cvtres.write.1.tlog
c:\users\lorenzo\desktop\uni\programmi elettronica embedded a\project1embeddedq15\debug\project1embedded.tlog\link-rc.read.1.tlog
c:\users\lorenzo\desktop\uni\programmi elettronica embedded a\project1embeddedq15\debug\project1embedded.tlog\link-rc.write.1.tlog
c:\users\lorenzo\desktop\uni\programmi elettronica embedded a\project1embeddedq15\debug\project1embedded.tlog\link.9568-cvtres.read.1.tlog
c:\users\lorenzo\desktop\uni\programmi elettronica embedded a\project1embeddedq15\debug\project1embedded.tlog\link.9568-cvtres.write.1.tlog
c:\users\lorenzo\desktop\uni\programmi elettronica embedded a\project1embeddedq15\debug\project1embedded.tlog\link.9568-rc.read.1.tlog
c:\users\lorenzo\desktop\uni\programmi elettronica embedded a\project1embeddedq15\debug\project1embedded.tlog\link.9568-rc.write.1.tlog
c:\users\lorenzo\desktop\uni\programmi elettronica embedded a\project1embeddedq15\debug\project1embedded.tlog\link.9568.read.1.tlog
c:\users\lorenzo\desktop\uni\programmi elettronica embedded a\project1embeddedq15\debug\project1embedded.tlog\link.9568.write.1.tlog
c:\users\lorenzo\desktop\uni\programmi elettronica embedded a\project1embeddedq15\debug\project1embedded.tlog\link.command.1.tlog
c:\users\lorenzo\desktop\uni\programmi elettronica embedded a\project1embeddedq15\debug\project1embedded.tlog\link.read.1.tlog
c:\users\lorenzo\desktop\uni\programmi elettronica embedded a\project1embeddedq15\debug\project1embedded.tlog\link.write.1.tlog
