Flow report for Serial_wx
Wed May 27 12:59:28 2020
Quartus II 64-Bit Version 13.0.1 Build 232 06/12/2013 Service Pack 1 SJ Web Edition


---------------------
; Table of Contents ;
---------------------
  1. Legal Notice
  2. Flow Summary
  3. Flow Settings
  4. Flow Non-Default Global Settings
  5. Flow Elapsed Time
  6. Flow OS Summary
  7. Flow Log
  8. Flow Messages
  9. Flow Suppressed Messages



----------------
; Legal Notice ;
----------------
Copyright (C) 1991-2013 Altera Corporation
Your use of Altera Corporation's design tools, logic functions 
and other software and tools, and its AMPP partner logic 
functions, and any output files from any of the foregoing 
(including device programming or simulation files), and any 
associated documentation or information are expressly subject 
to the terms and conditions of the Altera Program License 
Subscription Agreement, Altera MegaCore Function License 
Agreement, or other applicable license agreement, including, 
without limitation, that your use is for the sole purpose of 
programming logic devices manufactured by Altera and sold by 
Altera or its authorized distributors.  Please refer to the 
applicable agreement for further details.



+--------------------------------------------------------------------------------------+
; Flow Summary                                                                         ;
+------------------------------------+-------------------------------------------------+
; Flow Status                        ; Successful - Wed May 27 12:59:28 2020           ;
; Quartus II 64-Bit Version          ; 13.0.1 Build 232 06/12/2013 SP 1 SJ Web Edition ;
; Revision Name                      ; Serial_wx                                       ;
; Top-level Entity Name              ; Serial_wx                                       ;
; Family                             ; Cyclone II                                      ;
; Device                             ; EP2C5AF256A7                                    ;
; Timing Models                      ; Final                                           ;
; Total logic elements               ; 374 / 4,608 ( 8 % )                             ;
;     Total combinational functions  ; 356 / 4,608 ( 8 % )                             ;
;     Dedicated logic registers      ; 207 / 4,608 ( 4 % )                             ;
; Total registers                    ; 207                                             ;
; Total pins                         ; 153 / 158 ( 97 % )                              ;
; Total virtual pins                 ; 0                                               ;
; Total memory bits                  ; 10,000 / 119,808 ( 8 % )                        ;
; Embedded Multiplier 9-bit elements ; 18 / 26 ( 69 % )                                ;
; Total PLLs                         ; 0 / 2 ( 0 % )                                   ;
+------------------------------------+-------------------------------------------------+


+-----------------------------------------+
; Flow Settings                           ;
+-------------------+---------------------+
; Option            ; Setting             ;
+-------------------+---------------------+
; Start date & time ; 05/27/2020 12:59:02 ;
; Main task         ; Compilation         ;
; Revision Name     ; Serial_wx           ;
+-------------------+---------------------+


+----------------------------------------------------------------------------------------------------------------------+
; Flow Non-Default Global Settings                                                                                     ;
+-------------------------------------+---------------------------------+---------------+-------------+----------------+
; Assignment Name                     ; Value                           ; Default Value ; Entity Name ; Section Id     ;
+-------------------------------------+---------------------------------+---------------+-------------+----------------+
; COMPILER_SIGNATURE_ID               ; 229044592439452.159057714215384 ; --            ; --          ; --             ;
; EDA_OUTPUT_DATA_FORMAT              ; Vhdl                            ; --            ; --          ; eda_simulation ;
; EDA_SIMULATION_TOOL                 ; ModelSim-Altera (VHDL)          ; <None>        ; --          ; --             ;
; MAX_CORE_JUNCTION_TEMP              ; 125                             ; --            ; --          ; --             ;
; MIN_CORE_JUNCTION_TEMP              ; -40                             ; --            ; --          ; --             ;
; PARTITION_COLOR                     ; 16764057                        ; --            ; --          ; Top            ;
; PARTITION_FITTER_PRESERVATION_LEVEL ; PLACEMENT_AND_ROUTING           ; --            ; --          ; Top            ;
; PARTITION_NETLIST_TYPE              ; SOURCE                          ; --            ; --          ; Top            ;
; PROJECT_OUTPUT_DIRECTORY            ; output_files                    ; --            ; --          ; --             ;
+-------------------------------------+---------------------------------+---------------+-------------+----------------+


+-------------------------------------------------------------------------------------------------------------------------------+
; Flow Elapsed Time                                                                                                             ;
+---------------------------+--------------+-------------------------+---------------------+------------------------------------+
; Module Name               ; Elapsed Time ; Average Processors Used ; Peak Virtual Memory ; Total CPU Time (on all processors) ;
+---------------------------+--------------+-------------------------+---------------------+------------------------------------+
; Analysis & Synthesis      ; 00:00:05     ; 1.0                     ; 4656 MB             ; 00:00:04                           ;
; Fitter                    ; 00:00:12     ; 1.0                     ; 4811 MB             ; 00:00:12                           ;
; Assembler                 ; 00:00:01     ; 1.0                     ; 4556 MB             ; 00:00:01                           ;
; TimeQuest Timing Analyzer ; 00:00:02     ; 1.0                     ; 4564 MB             ; 00:00:02                           ;
; EDA Netlist Writer        ; 00:00:02     ; 1.0                     ; 4516 MB             ; 00:00:01                           ;
; Total                     ; 00:00:22     ; --                      ; --                  ; 00:00:20                           ;
+---------------------------+--------------+-------------------------+---------------------+------------------------------------+


+----------------------------------------------------------------------------------------+
; Flow OS Summary                                                                        ;
+---------------------------+------------------+-----------+------------+----------------+
; Module Name               ; Machine Hostname ; OS Name   ; OS Version ; Processor type ;
+---------------------------+------------------+-----------+------------+----------------+
; Analysis & Synthesis      ; LorenzoPC        ; Windows 7 ; 6.2        ; x86_64         ;
; Fitter                    ; LorenzoPC        ; Windows 7 ; 6.2        ; x86_64         ;
; Assembler                 ; LorenzoPC        ; Windows 7 ; 6.2        ; x86_64         ;
; TimeQuest Timing Analyzer ; LorenzoPC        ; Windows 7 ; 6.2        ; x86_64         ;
; EDA Netlist Writer        ; LorenzoPC        ; Windows 7 ; 6.2        ; x86_64         ;
+---------------------------+------------------+-----------+------------+----------------+


------------
; Flow Log ;
------------
quartus_map --read_settings_files=on --write_settings_files=off Serial_wx -c Serial_wx
quartus_fit --read_settings_files=off --write_settings_files=off Serial_wx -c Serial_wx
quartus_asm --read_settings_files=off --write_settings_files=off Serial_wx -c Serial_wx
quartus_sta Serial_wx -c Serial_wx
quartus_eda --read_settings_files=off --write_settings_files=off Serial_wx -c Serial_wx



