Analysis & Synthesis report for Serial_wx
Wed May 27 12:59:06 2020
Quartus II 64-Bit Version 13.0.1 Build 232 06/12/2013 Service Pack 1 SJ Web Edition


---------------------
; Table of Contents ;
---------------------
  1. Legal Notice
  2. Analysis & Synthesis Summary
  3. Analysis & Synthesis Settings
  4. Parallel Compilation
  5. Analysis & Synthesis Source Files Read
  6. Analysis & Synthesis Resource Usage Summary
  7. Analysis & Synthesis Resource Utilization by Entity
  8. Analysis & Synthesis RAM Summary
  9. Analysis & Synthesis DSP Block Usage Summary
 10. Registers Removed During Synthesis
 11. General Register Statistics
 12. Registers Packed Into Inferred Megafunctions
 13. Multiplexer Restructuring Statistics (Restructuring Performed)
 14. Source assignments for single_clock_rw_ram:xRAM|altsyncram:ram_block_rtl_0|altsyncram_aha1:auto_generated
 15. Source assignments for single_clock_rw_ram:wRAM|altsyncram:ram_block_rtl_0|altsyncram_aha1:auto_generated
 16. Parameter Settings for Inferred Entity Instance: single_clock_rw_ram:xRAM|altsyncram:ram_block_rtl_0
 17. Parameter Settings for Inferred Entity Instance: single_clock_rw_ram:wRAM|altsyncram:ram_block_rtl_0
 18. Parameter Settings for Inferred Entity Instance: sig_altmult_accum:MAC0|lpm_mult:Mult0
 19. altsyncram Parameter Settings by Entity Instance
 20. lpm_mult Parameter Settings by Entity Instance
 21. Elapsed Time Per Partition
 22. Analysis & Synthesis Messages



----------------
; Legal Notice ;
----------------
Copyright (C) 1991-2013 Altera Corporation
Your use of Altera Corporation's design tools, logic functions 
and other software and tools, and its AMPP partner logic 
functions, and any output files from any of the foregoing 
(including device programming or simulation files), and any 
associated documentation or information are expressly subject 
to the terms and conditions of the Altera Program License 
Subscription Agreement, Altera MegaCore Function License 
Agreement, or other applicable license agreement, including, 
without limitation, that your use is for the sole purpose of 
programming logic devices manufactured by Altera and sold by 
Altera or its authorized distributors.  Please refer to the 
applicable agreement for further details.



+--------------------------------------------------------------------------------------+
; Analysis & Synthesis Summary                                                         ;
+------------------------------------+-------------------------------------------------+
; Analysis & Synthesis Status        ; Successful - Wed May 27 12:59:06 2020           ;
; Quartus II 64-Bit Version          ; 13.0.1 Build 232 06/12/2013 SP 1 SJ Web Edition ;
; Revision Name                      ; Serial_wx                                       ;
; Top-level Entity Name              ; Serial_wx                                       ;
; Family                             ; Cyclone II                                      ;
; Total logic elements               ; 474                                             ;
;     Total combinational functions  ; 356                                             ;
;     Dedicated logic registers      ; 307                                             ;
; Total registers                    ; 307                                             ;
; Total pins                         ; 153                                             ;
; Total virtual pins                 ; 0                                               ;
; Total memory bits                  ; 10,000                                          ;
; Embedded Multiplier 9-bit elements ; 18                                              ;
; Total PLLs                         ; 0                                               ;
+------------------------------------+-------------------------------------------------+


+----------------------------------------------------------------------------------------------------------------------+
; Analysis & Synthesis Settings                                                                                        ;
+----------------------------------------------------------------------------+--------------------+--------------------+
; Option                                                                     ; Setting            ; Default Value      ;
+----------------------------------------------------------------------------+--------------------+--------------------+
; Device                                                                     ; EP2C5AF256A7       ;                    ;
; Top-level entity name                                                      ; Serial_wx          ; Serial_wx          ;
; Family name                                                                ; Cyclone II         ; Cyclone IV GX      ;
; Use smart compilation                                                      ; Off                ; Off                ;
; Enable parallel Assembler and TimeQuest Timing Analyzer during compilation ; On                 ; On                 ;
; Enable compact report table                                                ; Off                ; Off                ;
; Restructure Multiplexers                                                   ; Auto               ; Auto               ;
; Create Debugging Nodes for IP Cores                                        ; Off                ; Off                ;
; Preserve fewer node names                                                  ; On                 ; On                 ;
; Disable OpenCore Plus hardware evaluation                                  ; Off                ; Off                ;
; Verilog Version                                                            ; Verilog_2001       ; Verilog_2001       ;
; VHDL Version                                                               ; VHDL_1993          ; VHDL_1993          ;
; State Machine Processing                                                   ; Auto               ; Auto               ;
; Safe State Machine                                                         ; Off                ; Off                ;
; Extract Verilog State Machines                                             ; On                 ; On                 ;
; Extract VHDL State Machines                                                ; On                 ; On                 ;
; Ignore Verilog initial constructs                                          ; Off                ; Off                ;
; Iteration limit for constant Verilog loops                                 ; 5000               ; 5000               ;
; Iteration limit for non-constant Verilog loops                             ; 250                ; 250                ;
; Add Pass-Through Logic to Inferred RAMs                                    ; On                 ; On                 ;
; Infer RAMs from Raw Logic                                                  ; On                 ; On                 ;
; Parallel Synthesis                                                         ; On                 ; On                 ;
; DSP Block Balancing                                                        ; Auto               ; Auto               ;
; NOT Gate Push-Back                                                         ; On                 ; On                 ;
; Power-Up Don't Care                                                        ; On                 ; On                 ;
; Remove Redundant Logic Cells                                               ; Off                ; Off                ;
; Remove Duplicate Registers                                                 ; On                 ; On                 ;
; Ignore CARRY Buffers                                                       ; Off                ; Off                ;
; Ignore CASCADE Buffers                                                     ; Off                ; Off                ;
; Ignore GLOBAL Buffers                                                      ; Off                ; Off                ;
; Ignore ROW GLOBAL Buffers                                                  ; Off                ; Off                ;
; Ignore LCELL Buffers                                                       ; Off                ; Off                ;
; Ignore SOFT Buffers                                                        ; On                 ; On                 ;
; Limit AHDL Integers to 32 Bits                                             ; Off                ; Off                ;
; Optimization Technique                                                     ; Balanced           ; Balanced           ;
; Carry Chain Length                                                         ; 70                 ; 70                 ;
; Auto Carry Chains                                                          ; On                 ; On                 ;
; Auto Open-Drain Pins                                                       ; On                 ; On                 ;
; Perform WYSIWYG Primitive Resynthesis                                      ; Off                ; Off                ;
; Auto ROM Replacement                                                       ; On                 ; On                 ;
; Auto RAM Replacement                                                       ; On                 ; On                 ;
; Auto Shift Register Replacement                                            ; Auto               ; Auto               ;
; Allow Shift Register Merging across Hierarchies                            ; Auto               ; Auto               ;
; Auto Clock Enable Replacement                                              ; On                 ; On                 ;
; Strict RAM Replacement                                                     ; Off                ; Off                ;
; Allow Synchronous Control Signals                                          ; On                 ; On                 ;
; Force Use of Synchronous Clear Signals                                     ; Off                ; Off                ;
; Auto RAM to Logic Cell Conversion                                          ; Off                ; Off                ;
; Auto Resource Sharing                                                      ; Off                ; Off                ;
; Allow Any RAM Size For Recognition                                         ; Off                ; Off                ;
; Allow Any ROM Size For Recognition                                         ; Off                ; Off                ;
; Allow Any Shift Register Size For Recognition                              ; Off                ; Off                ;
; Use LogicLock Constraints during Resource Balancing                        ; On                 ; On                 ;
; Ignore translate_off and synthesis_off directives                          ; Off                ; Off                ;
; Timing-Driven Synthesis                                                    ; Off                ; Off                ;
; Report Parameter Settings                                                  ; On                 ; On                 ;
; Report Source Assignments                                                  ; On                 ; On                 ;
; Report Connectivity Checks                                                 ; On                 ; On                 ;
; Ignore Maximum Fan-Out Assignments                                         ; Off                ; Off                ;
; Synchronization Register Chain Length                                      ; 2                  ; 2                  ;
; PowerPlay Power Optimization                                               ; Normal compilation ; Normal compilation ;
; HDL message level                                                          ; Level2             ; Level2             ;
; Suppress Register Optimization Related Messages                            ; Off                ; Off                ;
; Number of Removed Registers Reported in Synthesis Report                   ; 5000               ; 5000               ;
; Number of Swept Nodes Reported in Synthesis Report                         ; 5000               ; 5000               ;
; Number of Inverted Registers Reported in Synthesis Report                  ; 100                ; 100                ;
; Clock MUX Protection                                                       ; On                 ; On                 ;
; Auto Gated Clock Conversion                                                ; Off                ; Off                ;
; Block Design Naming                                                        ; Auto               ; Auto               ;
; SDC constraint protection                                                  ; Off                ; Off                ;
; Synthesis Effort                                                           ; Auto               ; Auto               ;
; Shift Register Replacement - Allow Asynchronous Clear Signal               ; On                 ; On                 ;
; Pre-Mapping Resynthesis Optimization                                       ; Off                ; Off                ;
; Analysis & Synthesis Message Level                                         ; Medium             ; Medium             ;
; Disable Register Merging Across Hierarchies                                ; Auto               ; Auto               ;
; Resource Aware Inference For Block RAM                                     ; On                 ; On                 ;
; Synthesis Seed                                                             ; 1                  ; 1                  ;
+----------------------------------------------------------------------------+--------------------+--------------------+


Parallel compilation was disabled, but you have multiple processors available. Enable parallel compilation to reduce compilation time.
+-------------------------------------+
; Parallel Compilation                ;
+----------------------------+--------+
; Processors                 ; Number ;
+----------------------------+--------+
; Number detected on machine ; 6      ;
; Maximum allowed            ; 1      ;
+----------------------------+--------+


+-------------------------------------------------------------------------------------------------------------------------------------------------------------------------------------------------------------------------------------------------------------------------------------+
; Analysis & Synthesis Source Files Read                                                                                                                                                                                                                                              ;
+--------------------------------------------------------+-----------------+-------------------------------------------------------+----------------------------------------------------------------------------------------------------------------------------------------+---------+
; File Name with User-Entered Path                       ; Used in Netlist ; File Type                                             ; File Name with Absolute Path                                                                                                           ; Library ;
+--------------------------------------------------------+-----------------+-------------------------------------------------------+----------------------------------------------------------------------------------------------------------------------------------------+---------+
; Serial_wx.vhd                                          ; yes             ; User VHDL File                                        ; C:/Users/Lorenzo/Desktop/UNI/programmi elettronica embedded A/quartus/Serial_wx/Serial_wx.vhd                                          ;         ;
; GLOBAL.vhd                                             ; yes             ; User VHDL File                                        ; C:/Users/Lorenzo/Desktop/UNI/programmi elettronica embedded A/quartus/Serial_wx/GLOBAL.vhd                                             ;         ;
; single_clock_rw_ram.vhd                                ; yes             ; User VHDL File                                        ; C:/Users/Lorenzo/Desktop/UNI/programmi elettronica embedded A/quartus/Serial_wx/single_clock_rw_ram.vhd                                ;         ;
; sig_altmult_accum.vhd                                  ; yes             ; User VHDL File                                        ; C:/Users/Lorenzo/Desktop/UNI/programmi elettronica embedded A/quartus/Serial_wx/sig_altmult_accum.vhd                                  ;         ;
; altsyncram.tdf                                         ; yes             ; Megafunction                                          ; c:/altera/13.0sp1/quartus/libraries/megafunctions/altsyncram.tdf                                                                       ;         ;
; stratix_ram_block.inc                                  ; yes             ; Megafunction                                          ; c:/altera/13.0sp1/quartus/libraries/megafunctions/stratix_ram_block.inc                                                                ;         ;
; lpm_mux.inc                                            ; yes             ; Megafunction                                          ; c:/altera/13.0sp1/quartus/libraries/megafunctions/lpm_mux.inc                                                                          ;         ;
; lpm_decode.inc                                         ; yes             ; Megafunction                                          ; c:/altera/13.0sp1/quartus/libraries/megafunctions/lpm_decode.inc                                                                       ;         ;
; aglobal130.inc                                         ; yes             ; Megafunction                                          ; c:/altera/13.0sp1/quartus/libraries/megafunctions/aglobal130.inc                                                                       ;         ;
; a_rdenreg.inc                                          ; yes             ; Megafunction                                          ; c:/altera/13.0sp1/quartus/libraries/megafunctions/a_rdenreg.inc                                                                        ;         ;
; altrom.inc                                             ; yes             ; Megafunction                                          ; c:/altera/13.0sp1/quartus/libraries/megafunctions/altrom.inc                                                                           ;         ;
; altram.inc                                             ; yes             ; Megafunction                                          ; c:/altera/13.0sp1/quartus/libraries/megafunctions/altram.inc                                                                           ;         ;
; altdpram.inc                                           ; yes             ; Megafunction                                          ; c:/altera/13.0sp1/quartus/libraries/megafunctions/altdpram.inc                                                                         ;         ;
; db/altsyncram_aha1.tdf                                 ; yes             ; Auto-Generated Megafunction                           ; C:/Users/Lorenzo/Desktop/UNI/programmi elettronica embedded A/quartus/Serial_wx/db/altsyncram_aha1.tdf                                 ;         ;
; db/Serial_wx.ram0_single_clock_rw_ram_ccade9e7.hdl.mif ; yes             ; Auto-Generated Auto-Found Memory Initialization File  ; C:/Users/Lorenzo/Desktop/UNI/programmi elettronica embedded A/quartus/Serial_wx/db/Serial_wx.ram0_single_clock_rw_ram_ccade9e7.hdl.mif ;         ;
; lpm_mult.tdf                                           ; yes             ; Megafunction                                          ; c:/altera/13.0sp1/quartus/libraries/megafunctions/lpm_mult.tdf                                                                         ;         ;
; lpm_add_sub.inc                                        ; yes             ; Megafunction                                          ; c:/altera/13.0sp1/quartus/libraries/megafunctions/lpm_add_sub.inc                                                                      ;         ;
; multcore.inc                                           ; yes             ; Megafunction                                          ; c:/altera/13.0sp1/quartus/libraries/megafunctions/multcore.inc                                                                         ;         ;
; bypassff.inc                                           ; yes             ; Megafunction                                          ; c:/altera/13.0sp1/quartus/libraries/megafunctions/bypassff.inc                                                                         ;         ;
; altshift.inc                                           ; yes             ; Megafunction                                          ; c:/altera/13.0sp1/quartus/libraries/megafunctions/altshift.inc                                                                         ;         ;
; db/mult_s9t.tdf                                        ; yes             ; Auto-Generated Megafunction                           ; C:/Users/Lorenzo/Desktop/UNI/programmi elettronica embedded A/quartus/Serial_wx/db/mult_s9t.tdf                                        ;         ;
+--------------------------------------------------------+-----------------+-------------------------------------------------------+----------------------------------------------------------------------------------------------------------------------------------------+---------+


+-----------------------------------------------------+
; Analysis & Synthesis Resource Usage Summary         ;
+---------------------------------------------+-------+
; Resource                                    ; Usage ;
+---------------------------------------------+-------+
; Estimated Total logic elements              ; 474   ;
;                                             ;       ;
; Total combinational functions               ; 356   ;
; Logic element usage by number of LUT inputs ;       ;
;     -- 4 input functions                    ; 11    ;
;     -- 3 input functions                    ; 302   ;
;     -- <=2 input functions                  ; 43    ;
;                                             ;       ;
; Logic elements by mode                      ;       ;
;     -- normal mode                          ; 19    ;
;     -- arithmetic mode                      ; 337   ;
;                                             ;       ;
; Total registers                             ; 307   ;
;     -- Dedicated logic registers            ; 307   ;
;     -- I/O registers                        ; 0     ;
;                                             ;       ;
; I/O pins                                    ; 153   ;
; Total memory bits                           ; 10000 ;
; Embedded Multiplier 9-bit elements          ; 18    ;
; Maximum fan-out node                        ; clk   ;
; Maximum fan-out                             ; 407   ;
; Total fan-out                               ; 3315  ;
; Average fan-out                             ; 3.55  ;
+---------------------------------------------+-------+


+----------------------------------------------------------------------------------------------------------------------------------------------------------------------------------------------------------------------------------------------------------------------+
; Analysis & Synthesis Resource Utilization by Entity                                                                                                                                                                                                                  ;
+-------------------------------------------+-------------------+--------------+-------------+--------------+---------+-----------+------+--------------+-----------------------------------------------------------------------------------------------+--------------+
; Compilation Hierarchy Node                ; LC Combinationals ; LC Registers ; Memory Bits ; DSP Elements ; DSP 9x9 ; DSP 18x18 ; Pins ; Virtual Pins ; Full Hierarchy Name                                                                           ; Library Name ;
+-------------------------------------------+-------------------+--------------+-------------+--------------+---------+-----------+------+--------------+-----------------------------------------------------------------------------------------------+--------------+
; |Serial_wx                                ; 356 (20)          ; 307 (7)      ; 10000       ; 18           ; 0       ; 9         ; 153  ; 0            ; |Serial_wx                                                                                    ; work         ;
;    |sig_altmult_accum:MAC0|               ; 336 (182)         ; 300 (300)    ; 0           ; 18           ; 0       ; 9         ; 0    ; 0            ; |Serial_wx|sig_altmult_accum:MAC0                                                             ; work         ;
;       |lpm_mult:Mult0|                    ; 154 (0)           ; 0 (0)        ; 0           ; 18           ; 0       ; 9         ; 0    ; 0            ; |Serial_wx|sig_altmult_accum:MAC0|lpm_mult:Mult0                                              ; work         ;
;          |mult_s9t:auto_generated|        ; 154 (154)         ; 0 (0)        ; 0           ; 18           ; 0       ; 9         ; 0    ; 0            ; |Serial_wx|sig_altmult_accum:MAC0|lpm_mult:Mult0|mult_s9t:auto_generated                      ; work         ;
;    |single_clock_rw_ram:wRAM|             ; 0 (0)             ; 0 (0)        ; 5000        ; 0            ; 0       ; 0         ; 0    ; 0            ; |Serial_wx|single_clock_rw_ram:wRAM                                                           ; work         ;
;       |altsyncram:ram_block_rtl_0|        ; 0 (0)             ; 0 (0)        ; 5000        ; 0            ; 0       ; 0         ; 0    ; 0            ; |Serial_wx|single_clock_rw_ram:wRAM|altsyncram:ram_block_rtl_0                                ; work         ;
;          |altsyncram_aha1:auto_generated| ; 0 (0)             ; 0 (0)        ; 5000        ; 0            ; 0       ; 0         ; 0    ; 0            ; |Serial_wx|single_clock_rw_ram:wRAM|altsyncram:ram_block_rtl_0|altsyncram_aha1:auto_generated ; work         ;
;    |single_clock_rw_ram:xRAM|             ; 0 (0)             ; 0 (0)        ; 5000        ; 0            ; 0       ; 0         ; 0    ; 0            ; |Serial_wx|single_clock_rw_ram:xRAM                                                           ; work         ;
;       |altsyncram:ram_block_rtl_0|        ; 0 (0)             ; 0 (0)        ; 5000        ; 0            ; 0       ; 0         ; 0    ; 0            ; |Serial_wx|single_clock_rw_ram:xRAM|altsyncram:ram_block_rtl_0                                ; work         ;
;          |altsyncram_aha1:auto_generated| ; 0 (0)             ; 0 (0)        ; 5000        ; 0            ; 0       ; 0         ; 0    ; 0            ; |Serial_wx|single_clock_rw_ram:xRAM|altsyncram:ram_block_rtl_0|altsyncram_aha1:auto_generated ; work         ;
+-------------------------------------------+-------------------+--------------+-------------+--------------+---------+-----------+------+--------------+-----------------------------------------------------------------------------------------------+--------------+
Note: For table entries with two numbers listed, the numbers in parentheses indicate the number of resources of the given type used by the specific entity alone. The numbers listed outside of parentheses indicate the total resources of the given type used by the specific entity and all of its sub-entities in the hierarchy.


+------------------------------------------------------------------------------------------------------------------------------------------------------------------------------------------------------------------------------------------------+
; Analysis & Synthesis RAM Summary                                                                                                                                                                                                               ;
+-----------------------------------------------------------------------------------------------+------+-------------+--------------+--------------+--------------+--------------+------+--------------------------------------------------------+
; Name                                                                                          ; Type ; Mode        ; Port A Depth ; Port A Width ; Port B Depth ; Port B Width ; Size ; MIF                                                    ;
+-----------------------------------------------------------------------------------------------+------+-------------+--------------+--------------+--------------+--------------+------+--------------------------------------------------------+
; single_clock_rw_ram:wRAM|altsyncram:ram_block_rtl_0|altsyncram_aha1:auto_generated|ALTSYNCRAM ; AUTO ; Single Port ; 100          ; 50           ; --           ; --           ; 5000 ; db/Serial_wx.ram0_single_clock_rw_ram_ccade9e7.hdl.mif ;
; single_clock_rw_ram:xRAM|altsyncram:ram_block_rtl_0|altsyncram_aha1:auto_generated|ALTSYNCRAM ; AUTO ; Single Port ; 100          ; 50           ; --           ; --           ; 5000 ; db/Serial_wx.ram0_single_clock_rw_ram_ccade9e7.hdl.mif ;
+-----------------------------------------------------------------------------------------------+------+-------------+--------------+--------------+--------------+--------------+------+--------------------------------------------------------+


+-----------------------------------------------------+
; Analysis & Synthesis DSP Block Usage Summary        ;
+---------------------------------------+-------------+
; Statistic                             ; Number Used ;
+---------------------------------------+-------------+
; Simple Multipliers (9-bit)            ; 0           ;
; Simple Multipliers (18-bit)           ; 9           ;
; Embedded Multiplier Blocks            ; --          ;
; Embedded Multiplier 9-bit elements    ; 18          ;
; Signed Embedded Multipliers           ; 0           ;
; Unsigned Embedded Multipliers         ; 9           ;
; Mixed Sign Embedded Multipliers       ; 0           ;
; Variable Sign Embedded Multipliers    ; 0           ;
; Dedicated Input Shift Register Chains ; 0           ;
+---------------------------------------+-------------+
Note: number of Embedded Multiplier Blocks used is only available after a successful fit.


+---------------------------------------------------------------------------------------------------------+
; Registers Removed During Synthesis                                                                      ;
+----------------------------------------------+----------------------------------------------------------+
; Register name                                ; Reason for Removal                                       ;
+----------------------------------------------+----------------------------------------------------------+
; single_clock_rw_ram:xRAM|read_address_reg[0] ; Merged with single_clock_rw_ram:wRAM|read_address_reg[0] ;
; single_clock_rw_ram:xRAM|read_address_reg[1] ; Merged with single_clock_rw_ram:wRAM|read_address_reg[1] ;
; single_clock_rw_ram:xRAM|read_address_reg[2] ; Merged with single_clock_rw_ram:wRAM|read_address_reg[2] ;
; single_clock_rw_ram:xRAM|read_address_reg[3] ; Merged with single_clock_rw_ram:wRAM|read_address_reg[3] ;
; single_clock_rw_ram:xRAM|read_address_reg[4] ; Merged with single_clock_rw_ram:wRAM|read_address_reg[4] ;
; single_clock_rw_ram:xRAM|read_address_reg[5] ; Merged with single_clock_rw_ram:wRAM|read_address_reg[5] ;
; single_clock_rw_ram:xRAM|read_address_reg[6] ; Merged with single_clock_rw_ram:wRAM|read_address_reg[6] ;
; wadd[6]                                      ; Merged with radd[6]                                      ;
; wadd[5]                                      ; Merged with radd[5]                                      ;
; wadd[4]                                      ; Merged with radd[4]                                      ;
; wadd[3]                                      ; Merged with radd[3]                                      ;
; wadd[2]                                      ; Merged with radd[2]                                      ;
; wadd[1]                                      ; Merged with radd[1]                                      ;
; wadd[0]                                      ; Merged with radd[0]                                      ;
; Total Number of Removed Registers = 14       ;                                                          ;
+----------------------------------------------+----------------------------------------------------------+


+------------------------------------------------------+
; General Register Statistics                          ;
+----------------------------------------------+-------+
; Statistic                                    ; Value ;
+----------------------------------------------+-------+
; Total registers                              ; 307   ;
; Number of registers using Synchronous Clear  ; 0     ;
; Number of registers using Synchronous Load   ; 0     ;
; Number of registers using Asynchronous Clear ; 307   ;
; Number of registers using Asynchronous Load  ; 0     ;
; Number of registers using Clock Enable       ; 0     ;
; Number of registers using Preset             ; 0     ;
+----------------------------------------------+-------+


+---------------------------------------------------------------------------------------------------+
; Registers Packed Into Inferred Megafunctions                                                      ;
+-------------------------------------------------+------------------------------------------+------+
; Register Name                                   ; Megafunction                             ; Type ;
+-------------------------------------------------+------------------------------------------+------+
; single_clock_rw_ram:wRAM|read_address_reg[0..6] ; single_clock_rw_ram:wRAM|ram_block_rtl_0 ; RAM  ;
+-------------------------------------------------+------------------------------------------+------+


+------------------------------------------------------------------------------------------------------------------------------------------+
; Multiplexer Restructuring Statistics (Restructuring Performed)                                                                           ;
+--------------------+-----------+---------------+----------------------+------------------------+------------+----------------------------+
; Multiplexer Inputs ; Bus Width ; Baseline Area ; Area if Restructured ; Saving if Restructured ; Registered ; Example Multiplexer Output ;
+--------------------+-----------+---------------+----------------------+------------------------+------------+----------------------------+
; 3:1                ; 7 bits    ; 14 LEs        ; 7 LEs                ; 7 LEs                  ; Yes        ; |Serial_wx|radd[0]         ;
+--------------------+-----------+---------------+----------------------+------------------------+------------+----------------------------+


+-----------------------------------------------------------------------------------------------------------+
; Source assignments for single_clock_rw_ram:xRAM|altsyncram:ram_block_rtl_0|altsyncram_aha1:auto_generated ;
+---------------------------------+--------------------+------+---------------------------------------------+
; Assignment                      ; Value              ; From ; To                                          ;
+---------------------------------+--------------------+------+---------------------------------------------+
; OPTIMIZE_POWER_DURING_SYNTHESIS ; NORMAL_COMPILATION ; -    ; -                                           ;
+---------------------------------+--------------------+------+---------------------------------------------+


+-----------------------------------------------------------------------------------------------------------+
; Source assignments for single_clock_rw_ram:wRAM|altsyncram:ram_block_rtl_0|altsyncram_aha1:auto_generated ;
+---------------------------------+--------------------+------+---------------------------------------------+
; Assignment                      ; Value              ; From ; To                                          ;
+---------------------------------+--------------------+------+---------------------------------------------+
; OPTIMIZE_POWER_DURING_SYNTHESIS ; NORMAL_COMPILATION ; -    ; -                                           ;
+---------------------------------+--------------------+------+---------------------------------------------+


+--------------------------------------------------------------------------------------------------------------+
; Parameter Settings for Inferred Entity Instance: single_clock_rw_ram:xRAM|altsyncram:ram_block_rtl_0         ;
+------------------------------------+--------------------------------------------------------+----------------+
; Parameter Name                     ; Value                                                  ; Type           ;
+------------------------------------+--------------------------------------------------------+----------------+
; BYTE_SIZE_BLOCK                    ; 8                                                      ; Untyped        ;
; AUTO_CARRY_CHAINS                  ; ON                                                     ; AUTO_CARRY     ;
; IGNORE_CARRY_BUFFERS               ; OFF                                                    ; IGNORE_CARRY   ;
; AUTO_CASCADE_CHAINS                ; ON                                                     ; AUTO_CASCADE   ;
; IGNORE_CASCADE_BUFFERS             ; OFF                                                    ; IGNORE_CASCADE ;
; WIDTH_BYTEENA                      ; 1                                                      ; Untyped        ;
; OPERATION_MODE                     ; SINGLE_PORT                                            ; Untyped        ;
; WIDTH_A                            ; 50                                                     ; Untyped        ;
; WIDTHAD_A                          ; 7                                                      ; Untyped        ;
; NUMWORDS_A                         ; 100                                                    ; Untyped        ;
; OUTDATA_REG_A                      ; UNREGISTERED                                           ; Untyped        ;
; ADDRESS_ACLR_A                     ; NONE                                                   ; Untyped        ;
; OUTDATA_ACLR_A                     ; NONE                                                   ; Untyped        ;
; WRCONTROL_ACLR_A                   ; NONE                                                   ; Untyped        ;
; INDATA_ACLR_A                      ; NONE                                                   ; Untyped        ;
; BYTEENA_ACLR_A                     ; NONE                                                   ; Untyped        ;
; WIDTH_B                            ; 1                                                      ; Untyped        ;
; WIDTHAD_B                          ; 1                                                      ; Untyped        ;
; NUMWORDS_B                         ; 1                                                      ; Untyped        ;
; INDATA_REG_B                       ; CLOCK1                                                 ; Untyped        ;
; WRCONTROL_WRADDRESS_REG_B          ; CLOCK1                                                 ; Untyped        ;
; RDCONTROL_REG_B                    ; CLOCK1                                                 ; Untyped        ;
; ADDRESS_REG_B                      ; CLOCK1                                                 ; Untyped        ;
; OUTDATA_REG_B                      ; UNREGISTERED                                           ; Untyped        ;
; BYTEENA_REG_B                      ; CLOCK1                                                 ; Untyped        ;
; INDATA_ACLR_B                      ; NONE                                                   ; Untyped        ;
; WRCONTROL_ACLR_B                   ; NONE                                                   ; Untyped        ;
; ADDRESS_ACLR_B                     ; NONE                                                   ; Untyped        ;
; OUTDATA_ACLR_B                     ; NONE                                                   ; Untyped        ;
; RDCONTROL_ACLR_B                   ; NONE                                                   ; Untyped        ;
; BYTEENA_ACLR_B                     ; NONE                                                   ; Untyped        ;
; WIDTH_BYTEENA_A                    ; 1                                                      ; Untyped        ;
; WIDTH_BYTEENA_B                    ; 1                                                      ; Untyped        ;
; RAM_BLOCK_TYPE                     ; AUTO                                                   ; Untyped        ;
; BYTE_SIZE                          ; 8                                                      ; Untyped        ;
; READ_DURING_WRITE_MODE_MIXED_PORTS ; DONT_CARE                                              ; Untyped        ;
; READ_DURING_WRITE_MODE_PORT_A      ; NEW_DATA_NO_NBE_READ                                   ; Untyped        ;
; READ_DURING_WRITE_MODE_PORT_B      ; NEW_DATA_NO_NBE_READ                                   ; Untyped        ;
; INIT_FILE                          ; db/Serial_wx.ram0_single_clock_rw_ram_ccade9e7.hdl.mif ; Untyped        ;
; INIT_FILE_LAYOUT                   ; PORT_A                                                 ; Untyped        ;
; MAXIMUM_DEPTH                      ; 0                                                      ; Untyped        ;
; CLOCK_ENABLE_INPUT_A               ; NORMAL                                                 ; Untyped        ;
; CLOCK_ENABLE_INPUT_B               ; NORMAL                                                 ; Untyped        ;
; CLOCK_ENABLE_OUTPUT_A              ; NORMAL                                                 ; Untyped        ;
; CLOCK_ENABLE_OUTPUT_B              ; NORMAL                                                 ; Untyped        ;
; CLOCK_ENABLE_CORE_A                ; USE_INPUT_CLKEN                                        ; Untyped        ;
; CLOCK_ENABLE_CORE_B                ; USE_INPUT_CLKEN                                        ; Untyped        ;
; ENABLE_ECC                         ; FALSE                                                  ; Untyped        ;
; ECC_PIPELINE_STAGE_ENABLED         ; FALSE                                                  ; Untyped        ;
; WIDTH_ECCSTATUS                    ; 3                                                      ; Untyped        ;
; DEVICE_FAMILY                      ; Cyclone II                                             ; Untyped        ;
; CBXI_PARAMETER                     ; altsyncram_aha1                                        ; Untyped        ;
+------------------------------------+--------------------------------------------------------+----------------+
Note: In order to hide this table in the UI and the text report file, please set the "Show Parameter Settings in Synthesis Report" option in "Analysis and Synthesis Settings -> More Settings" to "Off".


+--------------------------------------------------------------------------------------------------------------+
; Parameter Settings for Inferred Entity Instance: single_clock_rw_ram:wRAM|altsyncram:ram_block_rtl_0         ;
+------------------------------------+--------------------------------------------------------+----------------+
; Parameter Name                     ; Value                                                  ; Type           ;
+------------------------------------+--------------------------------------------------------+----------------+
; BYTE_SIZE_BLOCK                    ; 8                                                      ; Untyped        ;
; AUTO_CARRY_CHAINS                  ; ON                                                     ; AUTO_CARRY     ;
; IGNORE_CARRY_BUFFERS               ; OFF                                                    ; IGNORE_CARRY   ;
; AUTO_CASCADE_CHAINS                ; ON                                                     ; AUTO_CASCADE   ;
; IGNORE_CASCADE_BUFFERS             ; OFF                                                    ; IGNORE_CASCADE ;
; WIDTH_BYTEENA                      ; 1                                                      ; Untyped        ;
; OPERATION_MODE                     ; SINGLE_PORT                                            ; Untyped        ;
; WIDTH_A                            ; 50                                                     ; Untyped        ;
; WIDTHAD_A                          ; 7                                                      ; Untyped        ;
; NUMWORDS_A                         ; 100                                                    ; Untyped        ;
; OUTDATA_REG_A                      ; UNREGISTERED                                           ; Untyped        ;
; ADDRESS_ACLR_A                     ; NONE                                                   ; Untyped        ;
; OUTDATA_ACLR_A                     ; NONE                                                   ; Untyped        ;
; WRCONTROL_ACLR_A                   ; NONE                                                   ; Untyped        ;
; INDATA_ACLR_A                      ; NONE                                                   ; Untyped        ;
; BYTEENA_ACLR_A                     ; NONE                                                   ; Untyped        ;
; WIDTH_B                            ; 1                                                      ; Untyped        ;
; WIDTHAD_B                          ; 1                                                      ; Untyped        ;
; NUMWORDS_B                         ; 1                                                      ; Untyped        ;
; INDATA_REG_B                       ; CLOCK1                                                 ; Untyped        ;
; WRCONTROL_WRADDRESS_REG_B          ; CLOCK1                                                 ; Untyped        ;
; RDCONTROL_REG_B                    ; CLOCK1                                                 ; Untyped        ;
; ADDRESS_REG_B                      ; CLOCK1                                                 ; Untyped        ;
; OUTDATA_REG_B                      ; UNREGISTERED                                           ; Untyped        ;
; BYTEENA_REG_B                      ; CLOCK1                                                 ; Untyped        ;
; INDATA_ACLR_B                      ; NONE                                                   ; Untyped        ;
; WRCONTROL_ACLR_B                   ; NONE                                                   ; Untyped        ;
; ADDRESS_ACLR_B                     ; NONE                                                   ; Untyped        ;
; OUTDATA_ACLR_B                     ; NONE                                                   ; Untyped        ;
; RDCONTROL_ACLR_B                   ; NONE                                                   ; Untyped        ;
; BYTEENA_ACLR_B                     ; NONE                                                   ; Untyped        ;
; WIDTH_BYTEENA_A                    ; 1                                                      ; Untyped        ;
; WIDTH_BYTEENA_B                    ; 1                                                      ; Untyped        ;
; RAM_BLOCK_TYPE                     ; AUTO                                                   ; Untyped        ;
; BYTE_SIZE                          ; 8                                                      ; Untyped        ;
; READ_DURING_WRITE_MODE_MIXED_PORTS ; DONT_CARE                                              ; Untyped        ;
; READ_DURING_WRITE_MODE_PORT_A      ; NEW_DATA_NO_NBE_READ                                   ; Untyped        ;
; READ_DURING_WRITE_MODE_PORT_B      ; NEW_DATA_NO_NBE_READ                                   ; Untyped        ;
; INIT_FILE                          ; db/Serial_wx.ram0_single_clock_rw_ram_ccade9e7.hdl.mif ; Untyped        ;
; INIT_FILE_LAYOUT                   ; PORT_A                                                 ; Untyped        ;
; MAXIMUM_DEPTH                      ; 0                                                      ; Untyped        ;
; CLOCK_ENABLE_INPUT_A               ; NORMAL                                                 ; Untyped        ;
; CLOCK_ENABLE_INPUT_B               ; NORMAL                                                 ; Untyped        ;
; CLOCK_ENABLE_OUTPUT_A              ; NORMAL                                                 ; Untyped        ;
; CLOCK_ENABLE_OUTPUT_B              ; NORMAL                                                 ; Untyped        ;
; CLOCK_ENABLE_CORE_A                ; USE_INPUT_CLKEN                                        ; Untyped        ;
; CLOCK_ENABLE_CORE_B                ; USE_INPUT_CLKEN                                        ; Untyped        ;
; ENABLE_ECC                         ; FALSE                                                  ; Untyped        ;
; ECC_PIPELINE_STAGE_ENABLED         ; FALSE                                                  ; Untyped        ;
; WIDTH_ECCSTATUS                    ; 3                                                      ; Untyped        ;
; DEVICE_FAMILY                      ; Cyclone II                                             ; Untyped        ;
; CBXI_PARAMETER                     ; altsyncram_aha1                                        ; Untyped        ;
+------------------------------------+--------------------------------------------------------+----------------+
Note: In order to hide this table in the UI and the text report file, please set the "Show Parameter Settings in Synthesis Report" option in "Analysis and Synthesis Settings -> More Settings" to "Off".


+----------------------------------------------------------------------------------------+
; Parameter Settings for Inferred Entity Instance: sig_altmult_accum:MAC0|lpm_mult:Mult0 ;
+------------------------------------------------+------------+--------------------------+
; Parameter Name                                 ; Value      ; Type                     ;
+------------------------------------------------+------------+--------------------------+
; AUTO_CARRY_CHAINS                              ; ON         ; AUTO_CARRY               ;
; IGNORE_CARRY_BUFFERS                           ; OFF        ; IGNORE_CARRY             ;
; AUTO_CASCADE_CHAINS                            ; ON         ; AUTO_CASCADE             ;
; IGNORE_CASCADE_BUFFERS                         ; OFF        ; IGNORE_CASCADE           ;
; LPM_WIDTHA                                     ; 50         ; Untyped                  ;
; LPM_WIDTHB                                     ; 50         ; Untyped                  ;
; LPM_WIDTHP                                     ; 100        ; Untyped                  ;
; LPM_WIDTHR                                     ; 100        ; Untyped                  ;
; LPM_WIDTHS                                     ; 1          ; Untyped                  ;
; LPM_REPRESENTATION                             ; UNSIGNED   ; Untyped                  ;
; LPM_PIPELINE                                   ; 0          ; Untyped                  ;
; LATENCY                                        ; 0          ; Untyped                  ;
; INPUT_A_IS_CONSTANT                            ; NO         ; Untyped                  ;
; INPUT_B_IS_CONSTANT                            ; NO         ; Untyped                  ;
; USE_EAB                                        ; OFF        ; Untyped                  ;
; MAXIMIZE_SPEED                                 ; 5          ; Untyped                  ;
; DEVICE_FAMILY                                  ; Cyclone II ; Untyped                  ;
; CARRY_CHAIN                                    ; MANUAL     ; Untyped                  ;
; APEX20K_TECHNOLOGY_MAPPER                      ; LUT        ; TECH_MAPPER_APEX20K      ;
; DEDICATED_MULTIPLIER_CIRCUITRY                 ; AUTO       ; Untyped                  ;
; DEDICATED_MULTIPLIER_MIN_INPUT_WIDTH_FOR_AUTO  ; 0          ; Untyped                  ;
; DEDICATED_MULTIPLIER_MIN_OUTPUT_WIDTH_FOR_AUTO ; 0          ; Untyped                  ;
; CBXI_PARAMETER                                 ; mult_s9t   ; Untyped                  ;
; INPUT_A_FIXED_VALUE                            ; Bx         ; Untyped                  ;
; INPUT_B_FIXED_VALUE                            ; Bx         ; Untyped                  ;
; USE_AHDL_IMPLEMENTATION                        ; OFF        ; Untyped                  ;
+------------------------------------------------+------------+--------------------------+
Note: In order to hide this table in the UI and the text report file, please set the "Show Parameter Settings in Synthesis Report" option in "Analysis and Synthesis Settings -> More Settings" to "Off".


+-------------------------------------------------------------------------------------------------+
; altsyncram Parameter Settings by Entity Instance                                                ;
+-------------------------------------------+-----------------------------------------------------+
; Name                                      ; Value                                               ;
+-------------------------------------------+-----------------------------------------------------+
; Number of entity instances                ; 2                                                   ;
; Entity Instance                           ; single_clock_rw_ram:xRAM|altsyncram:ram_block_rtl_0 ;
;     -- OPERATION_MODE                     ; SINGLE_PORT                                         ;
;     -- WIDTH_A                            ; 50                                                  ;
;     -- NUMWORDS_A                         ; 100                                                 ;
;     -- OUTDATA_REG_A                      ; UNREGISTERED                                        ;
;     -- WIDTH_B                            ; 1                                                   ;
;     -- NUMWORDS_B                         ; 1                                                   ;
;     -- ADDRESS_REG_B                      ; CLOCK1                                              ;
;     -- OUTDATA_REG_B                      ; UNREGISTERED                                        ;
;     -- RAM_BLOCK_TYPE                     ; AUTO                                                ;
;     -- READ_DURING_WRITE_MODE_MIXED_PORTS ; DONT_CARE                                           ;
; Entity Instance                           ; single_clock_rw_ram:wRAM|altsyncram:ram_block_rtl_0 ;
;     -- OPERATION_MODE                     ; SINGLE_PORT                                         ;
;     -- WIDTH_A                            ; 50                                                  ;
;     -- NUMWORDS_A                         ; 100                                                 ;
;     -- OUTDATA_REG_A                      ; UNREGISTERED                                        ;
;     -- WIDTH_B                            ; 1                                                   ;
;     -- NUMWORDS_B                         ; 1                                                   ;
;     -- ADDRESS_REG_B                      ; CLOCK1                                              ;
;     -- OUTDATA_REG_B                      ; UNREGISTERED                                        ;
;     -- RAM_BLOCK_TYPE                     ; AUTO                                                ;
;     -- READ_DURING_WRITE_MODE_MIXED_PORTS ; DONT_CARE                                           ;
+-------------------------------------------+-----------------------------------------------------+


+-------------------------------------------------------------------------------+
; lpm_mult Parameter Settings by Entity Instance                                ;
+---------------------------------------+---------------------------------------+
; Name                                  ; Value                                 ;
+---------------------------------------+---------------------------------------+
; Number of entity instances            ; 1                                     ;
; Entity Instance                       ; sig_altmult_accum:MAC0|lpm_mult:Mult0 ;
;     -- LPM_WIDTHA                     ; 50                                    ;
;     -- LPM_WIDTHB                     ; 50                                    ;
;     -- LPM_WIDTHP                     ; 100                                   ;
;     -- LPM_REPRESENTATION             ; UNSIGNED                              ;
;     -- INPUT_A_IS_CONSTANT            ; NO                                    ;
;     -- INPUT_B_IS_CONSTANT            ; NO                                    ;
;     -- USE_EAB                        ; OFF                                   ;
;     -- DEDICATED_MULTIPLIER_CIRCUITRY ; AUTO                                  ;
;     -- INPUT_A_FIXED_VALUE            ; Bx                                    ;
;     -- INPUT_B_FIXED_VALUE            ; Bx                                    ;
+---------------------------------------+---------------------------------------+


+-------------------------------+
; Elapsed Time Per Partition    ;
+----------------+--------------+
; Partition Name ; Elapsed Time ;
+----------------+--------------+
; Top            ; 00:00:01     ;
+----------------+--------------+


+-------------------------------+
; Analysis & Synthesis Messages ;
+-------------------------------+
Info: *******************************************************************
Info: Running Quartus II 64-Bit Analysis & Synthesis
    Info: Version 13.0.1 Build 232 06/12/2013 Service Pack 1 SJ Web Edition
    Info: Processing started: Wed May 27 12:59:01 2020
Info: Command: quartus_map --read_settings_files=on --write_settings_files=off Serial_wx -c Serial_wx
Warning (20028): Parallel compilation is not licensed and has been disabled
Info (12021): Found 2 design units, including 1 entities, in source file serial_wx.vhd
    Info (12022): Found design unit 1: Serial_wx-Behav
    Info (12023): Found entity 1: Serial_wx
Info (12021): Found 1 design units, including 0 entities, in source file global.vhd
    Info (12022): Found design unit 1: GLOBAL
Info (12021): Found 2 design units, including 1 entities, in source file single_clock_rw_ram.vhd
    Info (12022): Found design unit 1: single_clock_rw_ram-rtl
    Info (12023): Found entity 1: single_clock_rw_ram
Info (12021): Found 2 design units, including 1 entities, in source file sig_altmult_accum.vhd
    Info (12022): Found design unit 1: sig_altmult_accum-rtl
    Info (12023): Found entity 1: sig_altmult_accum
Info (12127): Elaborating entity "Serial_wx" for the top level hierarchy
Info (12128): Elaborating entity "single_clock_rw_ram" for hierarchy "single_clock_rw_ram:xRAM"
Info (12128): Elaborating entity "sig_altmult_accum" for hierarchy "sig_altmult_accum:MAC0"
Warning (113028): 28 out of 128 addresses are uninitialized. The Quartus II software will initialize them to "0". There are 1 warnings found, and 1 warnings are reported.
    Warning (113027): Addresses ranging from 100 to 127 are not initialized
Info (19000): Inferred 2 megafunctions from design logic
    Info (276029): Inferred altsyncram megafunction from the following design logic: "single_clock_rw_ram:xRAM|ram_block_rtl_0" 
        Info (286033): Parameter OPERATION_MODE set to SINGLE_PORT
        Info (286033): Parameter WIDTH_A set to 50
        Info (286033): Parameter WIDTHAD_A set to 7
        Info (286033): Parameter NUMWORDS_A set to 100
        Info (286033): Parameter OUTDATA_REG_A set to UNREGISTERED
        Info (286033): Parameter ADDRESS_ACLR_A set to NONE
        Info (286033): Parameter OUTDATA_ACLR_A set to NONE
        Info (286033): Parameter INDATA_ACLR_A set to NONE
        Info (286033): Parameter WRCONTROL_ACLR_A set to NONE
        Info (286033): Parameter INIT_FILE set to db/Serial_wx.ram0_single_clock_rw_ram_ccade9e7.hdl.mif
    Info (276029): Inferred altsyncram megafunction from the following design logic: "single_clock_rw_ram:wRAM|ram_block_rtl_0" 
        Info (286033): Parameter OPERATION_MODE set to SINGLE_PORT
        Info (286033): Parameter WIDTH_A set to 50
        Info (286033): Parameter WIDTHAD_A set to 7
        Info (286033): Parameter NUMWORDS_A set to 100
        Info (286033): Parameter OUTDATA_REG_A set to UNREGISTERED
        Info (286033): Parameter ADDRESS_ACLR_A set to NONE
        Info (286033): Parameter OUTDATA_ACLR_A set to NONE
        Info (286033): Parameter INDATA_ACLR_A set to NONE
        Info (286033): Parameter WRCONTROL_ACLR_A set to NONE
        Info (286033): Parameter INIT_FILE set to db/Serial_wx.ram0_single_clock_rw_ram_ccade9e7.hdl.mif
Info (278001): Inferred 1 megafunctions from design logic
    Info (278003): Inferred multiplier megafunction ("lpm_mult") from the following logic: "sig_altmult_accum:MAC0|Mult0"
Info (12130): Elaborated megafunction instantiation "single_clock_rw_ram:xRAM|altsyncram:ram_block_rtl_0"
Info (12133): Instantiated megafunction "single_clock_rw_ram:xRAM|altsyncram:ram_block_rtl_0" with the following parameter:
    Info (12134): Parameter "OPERATION_MODE" = "SINGLE_PORT"
    Info (12134): Parameter "WIDTH_A" = "50"
    Info (12134): Parameter "WIDTHAD_A" = "7"
    Info (12134): Parameter "NUMWORDS_A" = "100"
    Info (12134): Parameter "OUTDATA_REG_A" = "UNREGISTERED"
    Info (12134): Parameter "ADDRESS_ACLR_A" = "NONE"
    Info (12134): Parameter "OUTDATA_ACLR_A" = "NONE"
    Info (12134): Parameter "INDATA_ACLR_A" = "NONE"
    Info (12134): Parameter "WRCONTROL_ACLR_A" = "NONE"
    Info (12134): Parameter "INIT_FILE" = "db/Serial_wx.ram0_single_clock_rw_ram_ccade9e7.hdl.mif"
Info (12021): Found 1 design units, including 1 entities, in source file db/altsyncram_aha1.tdf
    Info (12023): Found entity 1: altsyncram_aha1
Info (12130): Elaborated megafunction instantiation "sig_altmult_accum:MAC0|lpm_mult:Mult0"
Info (12133): Instantiated megafunction "sig_altmult_accum:MAC0|lpm_mult:Mult0" with the following parameter:
    Info (12134): Parameter "LPM_WIDTHA" = "50"
    Info (12134): Parameter "LPM_WIDTHB" = "50"
    Info (12134): Parameter "LPM_WIDTHP" = "100"
    Info (12134): Parameter "LPM_WIDTHR" = "100"
    Info (12134): Parameter "LPM_WIDTHS" = "1"
    Info (12134): Parameter "LPM_REPRESENTATION" = "UNSIGNED"
    Info (12134): Parameter "INPUT_A_IS_CONSTANT" = "NO"
    Info (12134): Parameter "INPUT_B_IS_CONSTANT" = "NO"
    Info (12134): Parameter "MAXIMIZE_SPEED" = "5"
Info (12021): Found 1 design units, including 1 entities, in source file db/mult_s9t.tdf
    Info (12023): Found entity 1: mult_s9t
Info (13014): Ignored 590 buffer(s)
    Info (13019): Ignored 590 SOFT buffer(s)
Info (16010): Generating hard_block partition "hard_block:auto_generated_inst"
    Info (16011): Adding 0 node(s), including 0 DDIO, 0 PLL, 0 transceiver and 0 LCELL
Info (21057): Implemented 745 device resources after synthesis - the final resource count might be different
    Info (21058): Implemented 103 input pins
    Info (21059): Implemented 50 output pins
    Info (21061): Implemented 474 logic cells
    Info (21064): Implemented 100 RAM segments
    Info (21062): Implemented 18 DSP elements
Info: Quartus II 64-Bit Analysis & Synthesis was successful. 0 errors, 3 warnings
    Info: Peak virtual memory: 4663 megabytes
    Info: Processing ended: Wed May 27 12:59:06 2020
    Info: Elapsed time: 00:00:05
    Info: Total CPU time (on all processors): 00:00:04


